#
# There is insufficient memory for the Java Runtime Environment to continue.
# Native memory allocation (malloc) failed to allocate 32784 bytes for Chunk::new
# Possible reasons:
#   The system is out of physical RAM or swap space
#   In 32 bit mode, the process size limit was hit
# Possible solutions:
#   Reduce memory load on the system
#   Increase physical memory or swap space
#   Check if swap backing store is full
#   Use 64 bit Java on a 64 bit OS
#   Decrease Java heap size (-Xmx/-Xms)
#   Decrease number of Java threads
#   Decrease Java thread stack sizes (-Xss)
#   Set larger code cache with -XX:ReservedCodeCacheSize=
# This output file may be truncated or incomplete.
#
#  Out of Memory Error (allocation.cpp:390), pid=11520, tid=0x0000000000003428
#
# JRE version: Java(TM) SE Runtime Environment (8.0_111-b14) (build 1.8.0_111-b14)
# Java VM: Java HotSpot(TM) 64-Bit Server VM (25.111-b14 mixed mode windows-amd64 compressed oops)
# Failed to write core dump. Minidumps are not enabled by default on client versions of Windows
#

---------------  T H R E A D  ---------------

Current thread (0x0000000019442800):  JavaThread "C2 CompilerThread1" daemon [_thread_in_native, id=13352, stack(0x000000001ab90000,0x000000001ac90000)]

Stack: [0x000000001ab90000,0x000000001ac90000]
[error occurred during error reporting (printing stack bounds), id 0xc0000005]

Native frames: (J=compiled Java code, j=interpreted, Vv=VM code, C=native code)


Current CompileTask:
C2: 108482  582       4       org.apache.maven.surefire.util.internal.StringUtils::escapeJavaStyleString (473 bytes)


---------------  P R O C E S S  ---------------

Java Threads: ( => current thread )
  0x000000001adb8800 JavaThread "Service Thread" daemon [_thread_blocked, id=13500, stack(0x000000001b190000,0x000000001b290000)]
  0x0000000019445800 JavaThread "C1 CompilerThread2" daemon [_thread_blocked, id=2576, stack(0x000000001ac90000,0x000000001ad90000)]
=>0x0000000019442800 JavaThread "C2 CompilerThread1" daemon [_thread_in_native, id=13352, stack(0x000000001ab90000,0x000000001ac90000)]
  0x0000000019440000 JavaThread "C2 CompilerThread0" daemon [_thread_blocked, id=6564, stack(0x000000001aa90000,0x000000001ab90000)]
  0x000000001943c000 JavaThread "Attach Listener" daemon [_thread_blocked, id=1240, stack(0x000000001a990000,0x000000001aa90000)]
  0x000000001943b000 JavaThread "Signal Dispatcher" daemon [_thread_blocked, id=12880, stack(0x000000001a890000,0x000000001a990000)]
  0x000000001942a800 JavaThread "Finalizer" daemon [_thread_blocked, id=5480, stack(0x000000001a6a0000,0x000000001a7a0000)]
  0x00000000048e1800 JavaThread "Reference Handler" daemon [_thread_blocked, id=1440, stack(0x000000001a5a0000,0x000000001a6a0000)]
  0x00000000047f0800 JavaThread "main" [_thread_in_Java, id=6220, stack(0x00000000046f0000,0x00000000047f0000)]

Other Threads:
  0x0000000019407800 VMThread [stack: 0x000000001a4a0000,0x000000001a5a0000] [id=2732]
  0x000000001ade3000 WatcherThread [stack: 0x000000001b290000,0x000000001b390000] [id=14324]

VM state:not at safepoint (normal execution)

VM Mutex/Monitor currently owned by a thread: None

Heap:
 PSYoungGen      total 428032K, used 191386K [0x00000000d5d80000, 0x00000000f0180000, 0x0000000100000000)
  eden space 425984K, 44% used [0x00000000d5d80000,0x00000000e18568f0,0x00000000efd80000)
  from space 2048K, 3% used [0x00000000eff80000,0x00000000eff90000,0x00000000f0180000)
  to   space 2048K, 0% used [0x00000000efd80000,0x00000000efd80000,0x00000000eff80000)
 ParOldGen       total 87552K, used 1204K [0x0000000081800000, 0x0000000086d80000, 0x00000000d5d80000)
  object space 87552K, 1% used [0x0000000081800000,0x000000008192d0a0,0x0000000086d80000)
 Metaspace       used 5964K, capacity 6170K, committed 6272K, reserved 1058816K
  class space    used 711K, capacity 798K, committed 896K, reserved 1048576K

Card table byte_map: [0x0000000013cb0000,0x00000000140b0000] byte_map_base: 0x00000000138a4000

Marking Bits: (ParMarkBitMap*) 0x0000000076aea6c0
 Begin Bits: [0x0000000014760000, 0x0000000016700000)
 End Bits:   [0x0000000016700000, 0x00000000186a0000)

Polling page: 0x0000000004620000

CodeCache: size=245760Kb used=2514Kb max_used=2524Kb free=243245Kb
 bounds [0x00000000048f0000, 0x0000000004b70000, 0x00000000138f0000]
 total_blobs=874 nmethods=582 adapters=205
 compilation: enabled

Compilation events (10 events):
Event: 106.864 Thread 0x0000000019442800 nmethod 576 0x0000000004b60cd0 code [0x0000000004b60e20, 0x0000000004b61558]
Event: 106.873 Thread 0x0000000019440000 nmethod 573% 0x0000000004b65a90 code [0x0000000004b65e00, 0x0000000004b69468]
Event: 106.879 Thread 0x0000000019445800  578       1       java.util.Formatter$Flags::valueOf (5 bytes)
Event: 106.879 Thread 0x0000000019445800 nmethod 578 0x0000000004b51510 code [0x0000000004b51660, 0x0000000004b51770]
Event: 108.438 Thread 0x0000000019442800  579       4       java.lang.StringBuilder::toString (17 bytes)
Event: 108.438 Thread 0x0000000019440000  580       4       java.lang.StringBuilder::<init> (7 bytes)
Event: 108.439 Thread 0x0000000019440000 nmethod 580 0x0000000004b51210 code [0x0000000004b51360, 0x0000000004b51458]
Event: 108.441 Thread 0x0000000019440000  581       4       java.lang.String::substring (79 bytes)
Event: 108.441 Thread 0x0000000019442800 nmethod 579 0x0000000004b65310 code [0x0000000004b65460, 0x0000000004b657d8]
Event: 108.442 Thread 0x0000000019442800  582       4       org.apache.maven.surefire.util.internal.StringUtils::escapeJavaStyleString (473 bytes)

GC Heap History (10 events):
Event: 0.511 GC heap before
{Heap before GC invocations=6 (full 0):
 PSYoungGen      total 71680K, used 67587K [0x00000000d5d80000, 0x00000000de380000, 0x0000000100000000)
  eden space 66560K, 99% used [0x00000000d5d80000,0x00000000d9e78ee8,0x00000000d9e80000)
  from space 5120K, 20% used [0x00000000d9e80000,0x00000000d9f88000,0x00000000da380000)
  to   space 2048K, 0% used [0x00000000de180000,0x00000000de180000,0x00000000de380000)
 ParOldGen       total 87552K, used 24K [0x0000000081800000, 0x0000000086d80000, 0x00000000d5d80000)
  object space 87552K, 0% used [0x0000000081800000,0x0000000081806000,0x0000000086d80000)
 Metaspace       used 5840K, capacity 6072K, committed 6144K, reserved 1056768K
  class space    used 699K, capacity 764K, committed 768K, reserved 1048576K
Event: 0.512 GC heap after
Heap after GC invocations=6 (full 0):
 PSYoungGen      total 135168K, used 1184K [0x00000000d5d80000, 0x00000000de380000, 0x0000000100000000)
  eden space 133120K, 0% used [0x00000000d5d80000,0x00000000d5d80000,0x00000000ddf80000)
  from space 2048K, 57% used [0x00000000de180000,0x00000000de2a8020,0x00000000de380000)
  to   space 2048K, 0% used [0x00000000ddf80000,0x00000000ddf80000,0x00000000de180000)
 ParOldGen       total 87552K, used 24K [0x0000000081800000, 0x0000000086d80000, 0x00000000d5d80000)
  object space 87552K, 0% used [0x0000000081800000,0x0000000081806000,0x0000000086d80000)
 Metaspace       used 5840K, capacity 6072K, committed 6144K, reserved 1056768K
  class space    used 699K, capacity 764K, committed 768K, reserved 1048576K
}
Event: 0.643 GC heap before
{Heap before GC invocations=7 (full 0):
 PSYoungGen      total 135168K, used 134304K [0x00000000d5d80000, 0x00000000de380000, 0x0000000100000000)
  eden space 133120K, 100% used [0x00000000d5d80000,0x00000000ddf80000,0x00000000ddf80000)
  from space 2048K, 57% used [0x00000000de180000,0x00000000de2a8020,0x00000000de380000)
  to   space 2048K, 0% used [0x00000000ddf80000,0x00000000ddf80000,0x00000000de180000)
 ParOldGen       total 87552K, used 24K [0x0000000081800000, 0x0000000086d80000, 0x00000000d5d80000)
  object space 87552K, 0% used [0x0000000081800000,0x0000000081806000,0x0000000086d80000)
 Metaspace       used 5841K, capacity 6072K, committed 6144K, reserved 1056768K
  class space    used 699K, capacity 764K, committed 768K, reserved 1048576K
Event: 0.646 GC heap after
Heap after GC invocations=7 (full 0):
 PSYoungGen      total 135168K, used 160K [0x00000000d5d80000, 0x00000000e6580000, 0x0000000100000000)
  eden space 133120K, 0% used [0x00000000d5d80000,0x00000000d5d80000,0x00000000ddf80000)
  from space 2048K, 7% used [0x00000000ddf80000,0x00000000ddfa8000,0x00000000de180000)
  to   space 2048K, 0% used [0x00000000e6380000,0x00000000e6380000,0x00000000e6580000)
 ParOldGen       total 87552K, used 1044K [0x0000000081800000, 0x0000000086d80000, 0x00000000d5d80000)
  object space 87552K, 1% used [0x0000000081800000,0x00000000819050a0,0x0000000086d80000)
 Metaspace       used 5841K, capacity 6072K, committed 6144K, reserved 1056768K
  class space    used 699K, capacity 764K, committed 768K, reserved 1048576K
}
Event: 0.682 GC heap before
{Heap before GC invocations=8 (full 0):
 PSYoungGen      total 135168K, used 133280K [0x00000000d5d80000, 0x00000000e6580000, 0x0000000100000000)
  eden space 133120K, 100% used [0x00000000d5d80000,0x00000000ddf80000,0x00000000ddf80000)
  from space 2048K, 7% used [0x00000000ddf80000,0x00000000ddfa8000,0x00000000de180000)
  to   space 2048K, 0% used [0x00000000e6380000,0x00000000e6380000,0x00000000e6580000)
 ParOldGen       total 87552K, used 1044K [0x0000000081800000, 0x0000000086d80000, 0x00000000d5d80000)
  object space 87552K, 1% used [0x0000000081800000,0x00000000819050a0,0x0000000086d80000)
 Metaspace       used 5841K, capacity 6072K, committed 6144K, reserved 1056768K
  class space    used 699K, capacity 764K, committed 768K, reserved 1048576K
Event: 0.682 GC heap after
Heap after GC invocations=8 (full 0):
 PSYoungGen      total 268288K, used 192K [0x00000000d5d80000, 0x00000000e6580000, 0x0000000100000000)
  eden space 266240K, 0% used [0x00000000d5d80000,0x00000000d5d80000,0x00000000e6180000)
  from space 2048K, 9% used [0x00000000e6380000,0x00000000e63b0000,0x00000000e6580000)
  to   space 2048K, 0% used [0x00000000e6180000,0x00000000e6180000,0x00000000e6380000)
 ParOldGen       total 87552K, used 1052K [0x0000000081800000, 0x0000000086d80000, 0x00000000d5d80000)
  object space 87552K, 1% used [0x0000000081800000,0x00000000819070a0,0x0000000086d80000)
 Metaspace       used 5841K, capacity 6072K, committed 6144K, reserved 1056768K
  class space    used 699K, capacity 764K, committed 768K, reserved 1048576K
}
Event: 0.864 GC heap before
{Heap before GC invocations=9 (full 0):
 PSYoungGen      total 268288K, used 266432K [0x00000000d5d80000, 0x00000000e6580000, 0x0000000100000000)
  eden space 266240K, 100% used [0x00000000d5d80000,0x00000000e6180000,0x00000000e6180000)
  from space 2048K, 9% used [0x00000000e6380000,0x00000000e63b0000,0x00000000e6580000)
  to   space 2048K, 0% used [0x00000000e6180000,0x00000000e6180000,0x00000000e6380000)
 ParOldGen       total 87552K, used 1052K [0x0000000081800000, 0x0000000086d80000, 0x00000000d5d80000)
  object space 87552K, 1% used [0x0000000081800000,0x00000000819070a0,0x0000000086d80000)
 Metaspace       used 5841K, capacity 6072K, committed 6144K, reserved 1056768K
  class space    used 699K, capacity 764K, committed 768K, reserved 1048576K
Event: 0.865 GC heap after
Heap after GC invocations=9 (full 0):
 PSYoungGen      total 268288K, used 64K [0x00000000d5d80000, 0x00000000f0180000, 0x0000000100000000)
  eden space 266240K, 0% used [0x00000000d5d80000,0x00000000d5d80000,0x00000000e6180000)
  from space 2048K, 3% used [0x00000000e6180000,0x00000000e6190000,0x00000000e6380000)
  to   space 2048K, 0% used [0x00000000eff80000,0x00000000eff80000,0x00000000f0180000)
 ParOldGen       total 87552K, used 1188K [0x0000000081800000, 0x0000000086d80000, 0x00000000d5d80000)
  object space 87552K, 1% used [0x0000000081800000,0x00000000819290a0,0x0000000086d80000)
 Metaspace       used 5841K, capacity 6072K, committed 6144K, reserved 1056768K
  class space    used 699K, capacity 764K, committed 768K, reserved 1048576K
}
Event: 0.928 GC heap before
{Heap before GC invocations=10 (full 0):
 PSYoungGen      total 268288K, used 266304K [0x00000000d5d80000, 0x00000000f0180000, 0x0000000100000000)
  eden space 266240K, 100% used [0x00000000d5d80000,0x00000000e6180000,0x00000000e6180000)
  from space 2048K, 3% used [0x00000000e6180000,0x00000000e6190000,0x00000000e6380000)
  to   space 2048K, 0% used [0x00000000eff80000,0x00000000eff80000,0x00000000f0180000)
 ParOldGen       total 87552K, used 1188K [0x0000000081800000, 0x0000000086d80000, 0x00000000d5d80000)
  object space 87552K, 1% used [0x0000000081800000,0x00000000819290a0,0x0000000086d80000)
 Metaspace       used 5841K, capacity 6072K, committed 6144K, reserved 1056768K
  class space    used 699K, capacity 764K, committed 768K, reserved 1048576K
Event: 0.929 GC heap after
Heap after GC invocations=10 (full 0):
 PSYoungGen      total 428032K, used 64K [0x00000000d5d80000, 0x00000000f0180000, 0x0000000100000000)
  eden space 425984K, 0% used [0x00000000d5d80000,0x00000000d5d80000,0x00000000efd80000)
  from space 2048K, 3% used [0x00000000eff80000,0x00000000eff90000,0x00000000f0180000)
  to   space 2048K, 0% used [0x00000000efd80000,0x00000000efd80000,0x00000000eff80000)
 ParOldGen       total 87552K, used 1204K [0x0000000081800000, 0x0000000086d80000, 0x00000000d5d80000)
  object space 87552K, 1% used [0x0000000081800000,0x000000008192d0a0,0x0000000086d80000)
 Metaspace       used 5841K, capacity 6072K, committed 6144K, reserved 1056768K
  class space    used 699K, capacity 764K, committed 768K, reserved 1048576K
}

Deoptimization events (9 events):
Event: 0.263 Thread 0x00000000047f0800 Uncommon trap: reason=unstable_if action=reinterpret pc=0x0000000004a77b28 method=java.lang.String.indexOf([CII[CIII)I @ 123
Event: 0.263 Thread 0x00000000047f0800 Uncommon trap: reason=unstable_if action=reinterpret pc=0x0000000004a6d424 method=java.lang.String.indexOf([CII[CIII)I @ 123
Event: 0.500 Thread 0x00000000047f0800 Uncommon trap: reason=unstable_if action=reinterpret pc=0x0000000004b20438 method=java.io.BufferedOutputStream.write([BII)V @ 6
Event: 0.500 Thread 0x00000000047f0800 Uncommon trap: reason=unstable_if action=reinterpret pc=0x0000000004b1a5cc method=java.io.BufferedOutputStream.flushBuffer()V @ 4
Event: 0.500 Thread 0x00000000047f0800 Uncommon trap: reason=unstable_if action=reinterpret pc=0x0000000004b1cfe0 method=java.io.BufferedOutputStream.write([BII)V @ 6
Event: 106.766 Thread 0x00000000047f0800 Uncommon trap: reason=unstable_if action=reinterpret pc=0x0000000004b485a4 method=java.io.BufferedWriter.min(II)I @ 2
Event: 106.774 Thread 0x00000000047f0800 Uncommon trap: reason=unstable_if action=reinterpret pc=0x0000000004b3cbc8 method=sun.nio.cs.SingleByte$Encoder.encodeArrayLoop(Ljava/nio/CharBuffer;Ljava/nio/ByteBuffer;)Ljava/nio/charset/CoderResult; @ 70
Event: 106.776 Thread 0x00000000047f0800 Uncommon trap: reason=unstable_if action=reinterpret pc=0x0000000004b26970 method=sun.nio.cs.SingleByte$Encoder.encodeArrayLoop(Ljava/nio/CharBuffer;Ljava/nio/ByteBuffer;)Ljava/nio/charset/CoderResult; @ 70
Event: 106.817 Thread 0x00000000047f0800 Uncommon trap: reason=unstable_if action=reinterpret pc=0x0000000004b21404 method=sun.nio.cs.SingleByte$Encoder.encodeArrayLoop(Ljava/nio/CharBuffer;Ljava/nio/ByteBuffer;)Ljava/nio/charset/CoderResult; @ 70

Internal exceptions (10 events):
Event: 0.268 Thread 0x00000000047f0800 Exception <a 'java/security/PrivilegedActionException'> (0x00000000d637a430) thrown at [C:\re\workspace\8-2-build-windows-amd64-cygwin\jdk8u111\7883\hotspot\src\share\vm\prims\jvm.cpp, line 1386]
Event: 0.268 Thread 0x00000000047f0800 Exception <a 'java/security/PrivilegedActionException'> (0x00000000d637a828) thrown at [C:\re\workspace\8-2-build-windows-amd64-cygwin\jdk8u111\7883\hotspot\src\share\vm\prims\jvm.cpp, line 1386]
Event: 0.269 Thread 0x00000000047f0800 Exception <a 'java/security/PrivilegedActionException'> (0x00000000d637eae0) thrown at [C:\re\workspace\8-2-build-windows-amd64-cygwin\jdk8u111\7883\hotspot\src\share\vm\prims\jvm.cpp, line 1386]
Event: 0.269 Thread 0x00000000047f0800 Exception <a 'java/security/PrivilegedActionException'> (0x00000000d637eed8) thrown at [C:\re\workspace\8-2-build-windows-amd64-cygwin\jdk8u111\7883\hotspot\src\share\vm\prims\jvm.cpp, line 1386]
Event: 0.324 Thread 0x00000000047f0800 Exception <a 'java/lang/NoSuchFieldError': method resolution failed> (0x00000000d6502cb8) thrown at [C:\re\workspace\8-2-build-windows-amd64-cygwin\jdk8u111\7883\hotspot\src\share\vm\prims\methodHandles.cpp, line 1146]
Event: 0.326 Thread 0x00000000047f0800 Exception <a 'java/lang/NoSuchFieldError': method resolution failed> (0x00000000d65103a8) thrown at [C:\re\workspace\8-2-build-windows-amd64-cygwin\jdk8u111\7883\hotspot\src\share\vm\prims\methodHandles.cpp, line 1146]
Event: 106.609 Thread 0x00000000047f0800 Exception <a 'org/opencv/core/CvException': cv::Exception: OpenCV(3.4.1) C:\build\master_winpack-bindings-win64-vc14-static\opencv\modules\core\src\matrix.cpp:362: error: (-215) u != 0 in function cv::Mat::create
> (0x00000000e06dab08) thrown at [C:\re\wo
Event: 106.621 Thread 0x00000000047f0800 Exception <a 'java/lang/reflect/InvocationTargetException'> (0x00000000e06de828) thrown at [C:\re\workspace\8-2-build-windows-amd64-cygwin\jdk8u111\7883\hotspot\src\share\vm\runtime\reflection.cpp, line 1092]
Event: 108.437 Thread 0x00000000047f0800 Exception <a 'org/opencv/core/CvException': cv::Exception: OpenCV(3.4.1) C:\build\master_winpack-bindings-win64-vc14-static\opencv\modules\core\src\matrix.cpp:362: error: (-215) u != 0 in function cv::Mat::create
> (0x00000000e0a8d3b8) thrown at [C:\re\wo
Event: 108.437 Thread 0x00000000047f0800 Exception <a 'java/lang/reflect/InvocationTargetException'> (0x00000000e0a90568) thrown at [C:\re\workspace\8-2-build-windows-amd64-cygwin\jdk8u111\7883\hotspot\src\share\vm\runtime\reflection.cpp, line 1092]

Events (10 events):
Event: 106.776 Thread 0x00000000047f0800 Uncommon trap: trap_request=0xffffff65 fr.pc=0x0000000004b26970
Event: 106.776 Thread 0x00000000047f0800 DEOPT PACKING pc=0x0000000004b26970 sp=0x00000000047edb30
Event: 106.776 Thread 0x00000000047f0800 DEOPT UNPACKING pc=0x000000000493582a sp=0x00000000047ed9d0 mode 2
Event: 106.817 Thread 0x00000000047f0800 Uncommon trap: trap_request=0xffffff65 fr.pc=0x0000000004b21404
Event: 106.817 Thread 0x00000000047f0800 DEOPT PACKING pc=0x0000000004b21404 sp=0x00000000047eda50
Event: 106.817 Thread 0x00000000047f0800 DEOPT UNPACKING pc=0x000000000493582a sp=0x00000000047ed9c0 mode 2
Event: 106.851 Thread 0x00000000047f0800 DEOPT PACKING pc=0x0000000004b59d39 sp=0x00000000047eda50
Event: 106.851 Thread 0x00000000047f0800 DEOPT UNPACKING pc=0x000000000493787f sp=0x00000000047ed850 mode 0
Event: 108.442 Thread 0x00000000047f0800 DEOPT PACKING pc=0x0000000004a6471d sp=0x00000000047edd50
Event: 108.442 Thread 0x00000000047f0800 DEOPT UNPACKING pc=0x000000000493787f sp=0x00000000047edb28 mode 0


Dynamic libraries:
0x00007ff656f70000 - 0x00007ff656fa7000 	C:\Program Files\Java\jdk1.8.0_111\jre\bin\java.exe
0x00007ffb2c200000 - 0x00007ffb2c3e0000 	C:\WINDOWS\SYSTEM32\ntdll.dll
0x00007ffb11e70000 - 0x00007ffb11ea4000 	C:\Program Files (x86)\AVG\Antivirus\x64\aswhooka.dll
0x00007ffb2b250000 - 0x00007ffb2b2fe000 	C:\WINDOWS\System32\KERNEL32.DLL
0x00007ffb28700000 - 0x00007ffb28966000 	C:\WINDOWS\System32\KERNELBASE.dll
0x00007ffb2c050000 - 0x00007ffb2c0f1000 	C:\WINDOWS\System32\ADVAPI32.dll
0x00007ffb296d0000 - 0x00007ffb2976d000 	C:\WINDOWS\System32\msvcrt.dll
0x00007ffb2c100000 - 0x00007ffb2c15b000 	C:\WINDOWS\System32\sechost.dll
0x00007ffb2ae10000 - 0x00007ffb2af2f000 	C:\WINDOWS\System32\RPCRT4.dll
0x00007ffb2bdc0000 - 0x00007ffb2bf4f000 	C:\WINDOWS\System32\USER32.dll
0x00007ffb29300000 - 0x00007ffb29320000 	C:\WINDOWS\System32\win32u.dll
0x00007ffb2bd90000 - 0x00007ffb2bdb8000 	C:\WINDOWS\System32\GDI32.dll
0x00007ffb290c0000 - 0x00007ffb29253000 	C:\WINDOWS\System32\gdi32full.dll
0x00007ffb29260000 - 0x00007ffb292fb000 	C:\WINDOWS\System32\msvcp_win.dll
0x00007ffb295d0000 - 0x00007ffb296c6000 	C:\WINDOWS\System32\ucrtbase.dll
0x00007ffb1c860000 - 0x00007ffb1cac9000 	C:\WINDOWS\WinSxS\amd64_microsoft.windows.common-controls_6595b64144ccf1df_6.0.16299.371_none_15c7d1789365a290\COMCTL32.dll
0x00007ffb2af40000 - 0x00007ffb2b248000 	C:\WINDOWS\System32\combase.dll
0x00007ffb29320000 - 0x00007ffb29392000 	C:\WINDOWS\System32\bcryptPrimitives.dll
0x00007ffb2b460000 - 0x00007ffb2b48d000 	C:\WINDOWS\System32\IMM32.DLL
0x0000000076b70000 - 0x0000000076c42000 	C:\Program Files\Java\jdk1.8.0_111\jre\bin\msvcr100.dll
0x00000000762d0000 - 0x0000000076b6a000 	C:\Program Files\Java\jdk1.8.0_111\jre\bin\server\jvm.dll
0x00007ffb2af30000 - 0x00007ffb2af38000 	C:\WINDOWS\System32\PSAPI.DLL
0x00007ffb25380000 - 0x00007ffb25389000 	C:\WINDOWS\SYSTEM32\WSOCK32.dll
0x00007ffb2c160000 - 0x00007ffb2c1cc000 	C:\WINDOWS\System32\WS2_32.dll
0x00007ffb1c7a0000 - 0x00007ffb1c7c3000 	C:\WINDOWS\SYSTEM32\WINMM.dll
0x00007ffb1f900000 - 0x00007ffb1f90a000 	C:\WINDOWS\SYSTEM32\VERSION.dll
0x00007ffb1c500000 - 0x00007ffb1c52a000 	C:\WINDOWS\SYSTEM32\WINMMBASE.dll
0x00007ffb286b0000 - 0x00007ffb286fa000 	C:\WINDOWS\System32\cfgmgr32.dll
0x00000000762c0000 - 0x00000000762cf000 	C:\Program Files\Java\jdk1.8.0_111\jre\bin\verify.dll
0x0000000076290000 - 0x00000000762b9000 	C:\Program Files\Java\jdk1.8.0_111\jre\bin\java.dll
0x0000000076270000 - 0x0000000076286000 	C:\Program Files\Java\jdk1.8.0_111\jre\bin\zip.dll
0x00007ffb29920000 - 0x00007ffb2ad56000 	C:\WINDOWS\System32\SHELL32.dll
0x00007ffb2ad60000 - 0x00007ffb2ae06000 	C:\WINDOWS\System32\shcore.dll
0x00007ffb28970000 - 0x00007ffb290b7000 	C:\WINDOWS\System32\windows.storage.dll
0x00007ffb298c0000 - 0x00007ffb29911000 	C:\WINDOWS\System32\shlwapi.dll
0x00007ffb28570000 - 0x00007ffb28581000 	C:\WINDOWS\System32\kernel.appcore.dll
0x00007ffb285b0000 - 0x00007ffb285fc000 	C:\WINDOWS\System32\powrprof.dll
0x00007ffb28550000 - 0x00007ffb2856b000 	C:\WINDOWS\System32\profapi.dll
0x00007ffaebcb0000 - 0x00007ffaee982000 	C:\Users\Hugh\workspace_ij\declarative-knitting\declarative-knitting-images\src\main\resources\opencv_java341.dll
0x00007ffb29770000 - 0x00007ffb298b9000 	C:\WINDOWS\System32\ole32.dll
0x00007ffb2b390000 - 0x00007ffb2b455000 	C:\WINDOWS\System32\OLEAUT32.dll
0x00007ffb231b0000 - 0x00007ffb231d9000 	C:\WINDOWS\SYSTEM32\MSVFW32.dll
0x00007ffb1fa20000 - 0x00007ffb1fa3f000 	C:\WINDOWS\SYSTEM32\AVIFIL32.dll
0x00007ffb1fa00000 - 0x00007ffb1fa18000 	C:\WINDOWS\SYSTEM32\AVICAP32.dll
0x00007ffafe260000 - 0x00007ffafe27c000 	C:\WINDOWS\SYSTEM32\MSACM32.dll

VM Arguments:
java_command: C:\Users\Hugh\workspace_ij\declarative-knitting\declarative-knitting-images\target\surefire\surefirebooter6505867962339000682.jar C:\Users\Hugh\workspace_ij\declarative-knitting\declarative-knitting-images\target\surefire\surefire8746133287072579273tmp C:\Users\Hugh\workspace_ij\declarative-knitting\declarative-knitting-images\target\surefire\surefire_15464319535818003363tmp
java_class_path (initial): C:\Users\Hugh\workspace_ij\declarative-knitting\declarative-knitting-images\target\surefire\surefirebooter6505867962339000682.jar
Launcher Type: SUN_STANDARD

Environment Variables:
JAVA_HOME=C:\Program Files\Java\jdk1.8.0_111
PATH=C:\ProgramData\Oracle\Java\javapath;C:\WINDOWS\system32;C:\WINDOWS;C:\WINDOWS\System32\Wbem;C:\WINDOWS\System32\WindowsPowerShell\v1.0\;C:\Users\Hugh\apache-maven-3.3.9\bin;C:\Program Files\Git\cmd;C:\Program Files\Git\mingw64\bin;C:\Program Files\Git\usr\bin;C:\Program Files\PuTTY\;C:\Users\Hugh\AppData\Local\Microsoft\WindowsApps;C:\texlive\2016\bin\win32;C:\Users\Hugh\wget;C:\Python27;C:\Python27\Scripts;
USERNAME=Hugh
OS=Windows_NT
PROCESSOR_IDENTIFIER=Intel64 Family 6 Model 58 Stepping 9, GenuineIntel



---------------  S Y S T E M  ---------------

OS: Windows 10.0 , 64 bit Build 16299 (10.0.16299.15)

CPU:total 4 (2 cores per cpu, 2 threads per core) family 6 model 58 stepping 9, cmov, cx8, fxsr, mmx, sse, sse2, sse3, ssse3, sse4.1, sse4.2, popcnt, avx, aes, clmul, erms, ht, tsc, tscinvbit, tscinv

Memory: 4k page, physical 8289012k(524272k free), swap 22227256k(0k free)

vm_info: Java HotSpot(TM) 64-Bit Server VM (25.111-b14) for windows-amd64 JRE (1.8.0_111-b14), built on Sep 22 2016 19:24:05 by "java_re" with MS VC++ 10.0 (VS2010)

time: Sun May 06 09:41:20 2018
elapsed time: 108 seconds (0d 0h 1m 48s)

